[    6448ms] [INFO] %cDownload the React DevTools for a better development experience: https://react.dev/link/react-devtools font-weight:bold @ http://localhost:5174/node_modules/.vite/deps/react-dom_client.js?v=4bee179d:14335
[    6489ms] [ERROR] In HTML, %s cannot be a descendant of <%s>.
This will cause a hydration error.%s <button> button 

  ...
    <main data-slot="sidebar-inset" className="relative f...">
      <SiteHeader>
      <Routes>
        <RenderedRoute match={{params:{}, ...}} routeContext={{outlet:null, ...}}>
          <DashboardPage>
            <div className="flex-1 p-6...">
              <div className="flex items...">
                <h2>
                <CreateTaskDialog onTaskCreated={function handleTaskCreated}>
                  <Dialog open={false} onOpenChange={function bound dispatchSetState}>
                    <DialogRoot data-slot="dialog" open={false} onOpenChange={function bound dispatchSetState}>
                      <DialogTrigger>
                        <DialogTrigger data-slot="dialog-tri...">
>                         <button
>                           type="button"
>                           onClick={function}
>                           onMouseDown={function}
>                           onKeyDown={function}
>                           onKeyUp={function}
>                           onPointerDown={function}
>                           tabIndex={0}
>                           disabled={false}
>                           data-base-ui-click-trigger=""
>                           id="base-ui-_r_4_"
>                           aria-haspopup="dialog"
>                           aria-expanded={false}
>                           aria-controls={undefined}
>                           data-slot="dialog-trigger"
>                           ref={function}
>                         >
                            <Button>
                              <Button data-slot="button" className={"group/bu..."}>
>                               <button
>                                 type="button"
>                                 onClick={function}
>                                 onMouseDown={function}
>                                 onKeyDown={function}
>                                 onKeyUp={function}
>                                 onPointerDown={function}
>                                 tabIndex={0}
>                                 disabled={false}
>                                 data-slot="button"
>                                 ref={function}
>                                 className={"group/button inline-flex shrink-0 items-center justify-center rounded-l..."}
>                               >
                      ...
              ...
 @ http://localhost:5174/node_modules/.vite/deps/react-dom_client.js?v=4bee179d:1772
[    6489ms] [ERROR] <%s> cannot contain a nested %s.
See this log for the ancestor stack trace. button <button> @ http://localhost:5174/node_modules/.vite/deps/react-dom_client.js?v=4bee179d:1774
[    6516ms] [ERROR] Failed to load resource: the server responded with a status of 404 (Not Found) @ http://localhost:5174/favicon.ico:0
[    6528ms] [ERROR] Failed to load resource: the server responded with a status of 502 (Bad Gateway) @ http://localhost:5174/api/agents:0
[    6532ms] [ERROR] Failed to load resource: the server responded with a status of 502 (Bad Gateway) @ http://localhost:5174/api/tasks:0
[    6532ms] [ERROR] Failed to fetch tasks: Error: HTTP 502
    at fetchTasks (http://localhost:5174/src/components/tasks/TaskList.tsx:25:28) @ http://localhost:5174/src/components/tasks/TaskList.tsx:28
[    6554ms] [ERROR] Failed to load resource: the server responded with a status of 502 (Bad Gateway) @ http://localhost:5174/api/agents:0
[    6554ms] [ERROR] Failed to load resource: the server responded with a status of 502 (Bad Gateway) @ http://localhost:5174/api/tasks:0
[    6554ms] [ERROR] Failed to fetch tasks: Error: HTTP 502
    at fetchTasks (http://localhost:5174/src/components/tasks/TaskList.tsx:25:28) @ http://localhost:5174/src/components/tasks/TaskList.tsx:28
[    8066ms] [INFO] %cDownload the React DevTools for a better development experience: https://react.dev/link/react-devtools font-weight:bold @ http://localhost:5174/node_modules/.vite/deps/react-dom_client.js?v=4bee179d:14335
[    8105ms] [ERROR] In HTML, %s cannot be a descendant of <%s>.
This will cause a hydration error.%s <button> button 

  ...
    <main data-slot="sidebar-inset" className="relative f...">
      <SiteHeader>
      <Routes>
        <RenderedRoute match={{params:{}, ...}} routeContext={{outlet:null, ...}}>
          <DashboardPage>
            <div className="flex-1 p-6...">
              <div className="flex items...">
                <h2>
                <CreateTaskDialog onTaskCreated={function handleTaskCreated}>
                  <Dialog open={false} onOpenChange={function bound dispatchSetState}>
                    <DialogRoot data-slot="dialog" open={false} onOpenChange={function bound dispatchSetState}>
                      <DialogTrigger>
                        <DialogTrigger data-slot="dialog-tri...">
>                         <button
>                           type="button"
>                           onClick={function}
>                           onMouseDown={function}
>                           onKeyDown={function}
>                           onKeyUp={function}
>                           onPointerDown={function}
>                           tabIndex={0}
>                           disabled={false}
>                           data-base-ui-click-trigger=""
>                           id="base-ui-_r_4_"
>                           aria-haspopup="dialog"
>                           aria-expanded={false}
>                           aria-controls={undefined}
>                           data-slot="dialog-trigger"
>                           ref={function}
>                         >
                            <Button>
                              <Button data-slot="button" className={"group/bu..."}>
>                               <button
>                                 type="button"
>                                 onClick={function}
>                                 onMouseDown={function}
>                                 onKeyDown={function}
>                                 onKeyUp={function}
>                                 onPointerDown={function}
>                                 tabIndex={0}
>                                 disabled={false}
>                                 data-slot="button"
>                                 ref={function}
>                                 className={"group/button inline-flex shrink-0 items-center justify-center rounded-l..."}
>                               >
                      ...
              ...
 @ http://localhost:5174/node_modules/.vite/deps/react-dom_client.js?v=4bee179d:1772
[    8105ms] [ERROR] <%s> cannot contain a nested %s.
See this log for the ancestor stack trace. button <button> @ http://localhost:5174/node_modules/.vite/deps/react-dom_client.js?v=4bee179d:1774
[    8114ms] [ERROR] Failed to load resource: the server responded with a status of 502 (Bad Gateway) @ http://localhost:5174/api/agents:0
[    8117ms] [ERROR] Failed to load resource: the server responded with a status of 502 (Bad Gateway) @ http://localhost:5174/api/tasks:0
[    8117ms] [ERROR] Failed to fetch tasks: Error: HTTP 502
    at fetchTasks (http://localhost:5174/src/components/tasks/TaskList.tsx:25:28) @ http://localhost:5174/src/components/tasks/TaskList.tsx:28
[    8117ms] [ERROR] Failed to load resource: the server responded with a status of 502 (Bad Gateway) @ http://localhost:5174/api/agents:0
[    8117ms] [ERROR] Failed to load resource: the server responded with a status of 502 (Bad Gateway) @ http://localhost:5174/api/tasks:0
[    8117ms] [ERROR] Failed to fetch tasks: Error: HTTP 502
    at fetchTasks (http://localhost:5174/src/components/tasks/TaskList.tsx:25:28) @ http://localhost:5174/src/components/tasks/TaskList.tsx:28
[   11118ms] [ERROR] Failed to load resource: the server responded with a status of 502 (Bad Gateway) @ http://localhost:5174/api/agents:0
[   14139ms] [INFO] %cDownload the React DevTools for a better development experience: https://react.dev/link/react-devtools font-weight:bold @ http://localhost:5174/node_modules/.vite/deps/react-dom_client.js?v=4bee179d:14335
[   14157ms] [ERROR] In HTML, %s cannot be a descendant of <%s>.
This will cause a hydration error.%s <button> button 

  ...
    <main data-slot="sidebar-inset" className="relative f...">
      <SiteHeader>
      <Routes>
        <RenderedRoute match={{params:{}, ...}} routeContext={{outlet:null, ...}}>
          <DashboardPage>
            <div className="flex-1 p-6...">
              <div className="flex items...">
                <h2>
                <CreateTaskDialog onTaskCreated={function handleTaskCreated}>
                  <Dialog open={false} onOpenChange={function bound dispatchSetState}>
                    <DialogRoot data-slot="dialog" open={false} onOpenChange={function bound dispatchSetState}>
                      <DialogTrigger>
                        <DialogTrigger data-slot="dialog-tri...">
>                         <button
>                           type="button"
>                           onClick={function}
>                           onMouseDown={function}
>                           onKeyDown={function}
>                           onKeyUp={function}
>                           onPointerDown={function}
>                           tabIndex={0}
>                           disabled={false}
>                           data-base-ui-click-trigger=""
>                           id="base-ui-_r_4_"
>                           aria-haspopup="dialog"
>                           aria-expanded={false}
>                           aria-controls={undefined}
>                           data-slot="dialog-trigger"
>                           ref={function}
>                         >
                            <Button>
                              <Button data-slot="button" className={"group/bu..."}>
>                               <button
>                                 type="button"
>                                 onClick={function}
>                                 onMouseDown={function}
>                                 onKeyDown={function}
>                                 onKeyUp={function}
>                                 onPointerDown={function}
>                                 tabIndex={0}
>                                 disabled={false}
>                                 data-slot="button"
>                                 ref={function}
>                                 className={"group/button inline-flex shrink-0 items-center justify-center rounded-l..."}
>                               >
                      ...
              ...
 @ http://localhost:5174/node_modules/.vite/deps/react-dom_client.js?v=4bee179d:1772
[   14157ms] [ERROR] <%s> cannot contain a nested %s.
See this log for the ancestor stack trace. button <button> @ http://localhost:5174/node_modules/.vite/deps/react-dom_client.js?v=4bee179d:1774
[   14167ms] [ERROR] Failed to load resource: the server responded with a status of 502 (Bad Gateway) @ http://localhost:5174/api/agents:0
[   14167ms] [ERROR] Failed to load resource: the server responded with a status of 502 (Bad Gateway) @ http://localhost:5174/api/tasks:0
[   14168ms] [ERROR] Failed to fetch tasks: Error: HTTP 502
    at fetchTasks (http://localhost:5174/src/components/tasks/TaskList.tsx:25:28) @ http://localhost:5174/src/components/tasks/TaskList.tsx:28
[   14181ms] [ERROR] Failed to load resource: the server responded with a status of 502 (Bad Gateway) @ http://localhost:5174/api/agents:0
[   14181ms] [ERROR] Failed to load resource: the server responded with a status of 502 (Bad Gateway) @ http://localhost:5174/api/tasks:0
[   14181ms] [ERROR] Failed to fetch tasks: Error: HTTP 502
    at fetchTasks (http://localhost:5174/src/components/tasks/TaskList.tsx:25:28) @ http://localhost:5174/src/components/tasks/TaskList.tsx:28
[   17168ms] [ERROR] Failed to load resource: the server responded with a status of 502 (Bad Gateway) @ http://localhost:5174/api/agents:0
[   20169ms] [ERROR] Failed to load resource: the server responded with a status of 502 (Bad Gateway) @ http://localhost:5174/api/agents:0
[   23169ms] [ERROR] Failed to load resource: the server responded with a status of 502 (Bad Gateway) @ http://localhost:5174/api/agents:0
